mode: set
awesomeProject7/hugoproxy/proxy/main.go:14.13,17.16 2 0
awesomeProject7/hugoproxy/proxy/main.go:17.16,18.13 1 0
awesomeProject7/hugoproxy/proxy/main.go:20.2,23.72 2 0
awesomeProject7/hugoproxy/proxy/main.go:23.72,25.3 1 0
awesomeProject7/hugoproxy/proxy/main.go:28.2,28.68 1 0
awesomeProject7/hugoproxy/proxy/main.go:28.68,30.45 1 0
awesomeProject7/hugoproxy/proxy/main.go:30.45,33.4 1 0
awesomeProject7/hugoproxy/proxy/main.go:33.9,36.4 1 0
awesomeProject7/hugoproxy/proxy/main.go:38.2,40.35 2 0
awesomeProject7/hugoproxy/proxy/main.go:48.55,53.2 1 1
awesomeProject7/hugoproxy/proxy/main.go:55.70,56.71 1 1
awesomeProject7/hugoproxy/proxy/main.go:56.72,58.3 0 0
awesomeProject7/hugoproxy/proxy/main.go:63.19,66.6 3 0
awesomeProject7/hugoproxy/proxy/main.go:66.6,67.10 1 0
awesomeProject7/hugoproxy/proxy/main.go:68.14,70.18 2 0
awesomeProject7/hugoproxy/proxy/main.go:70.18,72.5 1 0
awesomeProject7/hugoproxy/proxy/main.go:73.4,73.7 1 0
awesomeProject7/hugoproxy/proxy/main.go:77.50,80.16 2 1
awesomeProject7/hugoproxy/proxy/main.go:80.16,82.3 1 0
awesomeProject7/hugoproxy/proxy/main.go:83.2,87.16 3 1
awesomeProject7/hugoproxy/proxy/main.go:87.16,89.3 1 0
awesomeProject7/hugoproxy/proxy/main.go:91.2,91.12 1 1
